The target system is: Generic -  - arm
The host system is: Darwin - 18.6.0 - x86_64
Compiling the CXX compiler identification source file "CMakeCXXCompilerId.cpp" succeeded.
Compiler: /Applications/StratifyLabs-SDK/Tools/gcc/bin/arm-none-eabi-g++ 
Build flags: -Wall;-mthumb;-D__StratifyOS__;-ffunction-sections;-fdata-sections;-fomit-frame-pointer;-fno-exceptions;-fno-unwind-tables
Id flags: -c 

The output was:
0


Compilation of the CXX compiler identification source "CMakeCXXCompilerId.cpp" produced "CMakeCXXCompilerId.o"

The CXX compiler identification is GNU, found in "/Users/tgil/git/StratifyBSP/STM32H750B-DK/cmake_arm/CMakeFiles/3.12.3/CompilerIdCXX/CMakeCXXCompilerId.o"

Compiling the C compiler identification source file "CMakeCCompilerId.c" succeeded.
Compiler: /Applications/StratifyLabs-SDK/Tools/gcc/bin/arm-none-eabi-gcc 
Build flags: -Wall;-mthumb;-D__StratifyOS__;-ffunction-sections;-fdata-sections;-fomit-frame-pointer
Id flags: -c 

The output was:
0


Compilation of the C compiler identification source "CMakeCCompilerId.c" produced "CMakeCCompilerId.o"

The C compiler identification is GNU, found in "/Users/tgil/git/StratifyBSP/STM32H750B-DK/cmake_arm/CMakeFiles/3.12.3/CompilerIdC/CMakeCCompilerId.o"

Determining if the CXX compiler works passed with the following output:
Change Dir: /Users/tgil/git/StratifyBSP/STM32H750B-DK/cmake_arm/CMakeFiles/CMakeTmp

Run Build Command:"/usr/bin/make" "cmTC_07d0b/fast"
/Library/Developer/CommandLineTools/usr/bin/make -f CMakeFiles/cmTC_07d0b.dir/build.make CMakeFiles/cmTC_07d0b.dir/build
Building CXX object CMakeFiles/cmTC_07d0b.dir/testCXXCompiler.cxx.obj
/Applications/StratifyLabs-SDK/Tools/gcc/bin/arm-none-eabi-g++    -Wall -mthumb -D__StratifyOS__ -ffunction-sections -fdata-sections -fomit-frame-pointer -fno-exceptions -fno-unwind-tables    -o CMakeFiles/cmTC_07d0b.dir/testCXXCompiler.cxx.obj -c /Users/tgil/git/StratifyBSP/STM32H750B-DK/cmake_arm/CMakeFiles/CMakeTmp/testCXXCompiler.cxx
Linking CXX static library libcmTC_07d0b.a
/Applications/CMake.app/Contents/bin/cmake -P CMakeFiles/cmTC_07d0b.dir/cmake_clean_target.cmake
/Applications/CMake.app/Contents/bin/cmake -E cmake_link_script CMakeFiles/cmTC_07d0b.dir/link.txt --verbose=1
/Applications/StratifyLabs-SDK/Tools/gcc/bin/arm-none-eabi-ar qc libcmTC_07d0b.a  CMakeFiles/cmTC_07d0b.dir/testCXXCompiler.cxx.obj
/Applications/StratifyLabs-SDK/Tools/gcc/bin/arm-none-eabi-ranlib libcmTC_07d0b.a


Detecting CXX compiler ABI info compiled with the following output:
Change Dir: /Users/tgil/git/StratifyBSP/STM32H750B-DK/cmake_arm/CMakeFiles/CMakeTmp

Run Build Command:"/usr/bin/make" "cmTC_0141a/fast"
/Library/Developer/CommandLineTools/usr/bin/make -f CMakeFiles/cmTC_0141a.dir/build.make CMakeFiles/cmTC_0141a.dir/build
Building CXX object CMakeFiles/cmTC_0141a.dir/CMakeCXXCompilerABI.cpp.obj
/Applications/StratifyLabs-SDK/Tools/gcc/bin/arm-none-eabi-g++    -Wall -mthumb -D__StratifyOS__ -ffunction-sections -fdata-sections -fomit-frame-pointer -fno-exceptions -fno-unwind-tables    -o CMakeFiles/cmTC_0141a.dir/CMakeCXXCompilerABI.cpp.obj -c /Applications/CMake.app/Contents/share/cmake-3.12/Modules/CMakeCXXCompilerABI.cpp
Linking CXX static library libcmTC_0141a.a
/Applications/CMake.app/Contents/bin/cmake -P CMakeFiles/cmTC_0141a.dir/cmake_clean_target.cmake
/Applications/CMake.app/Contents/bin/cmake -E cmake_link_script CMakeFiles/cmTC_0141a.dir/link.txt --verbose=1
/Applications/StratifyLabs-SDK/Tools/gcc/bin/arm-none-eabi-ar qc libcmTC_0141a.a  CMakeFiles/cmTC_0141a.dir/CMakeCXXCompilerABI.cpp.obj
/Applications/StratifyLabs-SDK/Tools/gcc/bin/arm-none-eabi-ranlib libcmTC_0141a.a


Parsed CXX implicit link information from above output:
  link line regex: [^( *|.*[/\])(arm-none-eabi-ld|CMAKE_LINK_STARTFILE-NOTFOUND|([^/\]+-)?ld|collect2)[^/\]*( |$)]
  ignore line: [Change Dir: /Users/tgil/git/StratifyBSP/STM32H750B-DK/cmake_arm/CMakeFiles/CMakeTmp]
  ignore line: []
  ignore line: [Run Build Command:"/usr/bin/make" "cmTC_0141a/fast"]
  ignore line: [/Library/Developer/CommandLineTools/usr/bin/make -f CMakeFiles/cmTC_0141a.dir/build.make CMakeFiles/cmTC_0141a.dir/build]
  ignore line: [Building CXX object CMakeFiles/cmTC_0141a.dir/CMakeCXXCompilerABI.cpp.obj]
  ignore line: [/Applications/StratifyLabs-SDK/Tools/gcc/bin/arm-none-eabi-g++    -Wall -mthumb -D__StratifyOS__ -ffunction-sections -fdata-sections -fomit-frame-pointer -fno-exceptions -fno-unwind-tables    -o CMakeFiles/cmTC_0141a.dir/CMakeCXXCompilerABI.cpp.obj -c /Applications/CMake.app/Contents/share/cmake-3.12/Modules/CMakeCXXCompilerABI.cpp]
  ignore line: [Linking CXX static library libcmTC_0141a.a]
  ignore line: [/Applications/CMake.app/Contents/bin/cmake -P CMakeFiles/cmTC_0141a.dir/cmake_clean_target.cmake]
  ignore line: [/Applications/CMake.app/Contents/bin/cmake -E cmake_link_script CMakeFiles/cmTC_0141a.dir/link.txt --verbose=1]
  ignore line: [/Applications/StratifyLabs-SDK/Tools/gcc/bin/arm-none-eabi-ar qc libcmTC_0141a.a  CMakeFiles/cmTC_0141a.dir/CMakeCXXCompilerABI.cpp.obj]
  ignore line: [/Applications/StratifyLabs-SDK/Tools/gcc/bin/arm-none-eabi-ranlib libcmTC_0141a.a]
  ignore line: []
  implicit libs: []
  implicit dirs: []
  implicit fwks: []




Detecting CXX [-std=c++1z] compiler features compiled with the following output:
Change Dir: /Users/tgil/git/StratifyBSP/STM32H750B-DK/cmake_arm/CMakeFiles/CMakeTmp

Run Build Command:"/usr/bin/make" "cmTC_df87f/fast"
/Library/Developer/CommandLineTools/usr/bin/make -f CMakeFiles/cmTC_df87f.dir/build.make CMakeFiles/cmTC_df87f.dir/build
Building CXX object CMakeFiles/cmTC_df87f.dir/feature_tests.cxx.obj
/Applications/StratifyLabs-SDK/Tools/gcc/bin/arm-none-eabi-g++    -Wall -mthumb -D__StratifyOS__ -ffunction-sections -fdata-sections -fomit-frame-pointer -fno-exceptions -fno-unwind-tables    -std=c++1z -o CMakeFiles/cmTC_df87f.dir/feature_tests.cxx.obj -c /Users/tgil/git/StratifyBSP/STM32H750B-DK/cmake_arm/CMakeFiles/feature_tests.cxx
Linking CXX static library libcmTC_df87f.a
/Applications/CMake.app/Contents/bin/cmake -P CMakeFiles/cmTC_df87f.dir/cmake_clean_target.cmake
/Applications/CMake.app/Contents/bin/cmake -E cmake_link_script CMakeFiles/cmTC_df87f.dir/link.txt --verbose=1
/Applications/StratifyLabs-SDK/Tools/gcc/bin/arm-none-eabi-ar qc libcmTC_df87f.a  CMakeFiles/cmTC_df87f.dir/feature_tests.cxx.obj
/Applications/StratifyLabs-SDK/Tools/gcc/bin/arm-none-eabi-ranlib libcmTC_df87f.a


    Feature record: CXX_FEATURE:1cxx_aggregate_default_initializers
    Feature record: CXX_FEATURE:1cxx_alias_templates
    Feature record: CXX_FEATURE:1cxx_alignas
    Feature record: CXX_FEATURE:1cxx_alignof
    Feature record: CXX_FEATURE:1cxx_attributes
    Feature record: CXX_FEATURE:1cxx_attribute_deprecated
    Feature record: CXX_FEATURE:1cxx_auto_type
    Feature record: CXX_FEATURE:1cxx_binary_literals
    Feature record: CXX_FEATURE:1cxx_constexpr
    Feature record: CXX_FEATURE:1cxx_contextual_conversions
    Feature record: CXX_FEATURE:1cxx_decltype
    Feature record: CXX_FEATURE:1cxx_decltype_auto
    Feature record: CXX_FEATURE:1cxx_decltype_incomplete_return_types
    Feature record: CXX_FEATURE:1cxx_default_function_template_args
    Feature record: CXX_FEATURE:1cxx_defaulted_functions
    Feature record: CXX_FEATURE:1cxx_defaulted_move_initializers
    Feature record: CXX_FEATURE:1cxx_delegating_constructors
    Feature record: CXX_FEATURE:1cxx_deleted_functions
    Feature record: CXX_FEATURE:1cxx_digit_separators
    Feature record: CXX_FEATURE:1cxx_enum_forward_declarations
    Feature record: CXX_FEATURE:1cxx_explicit_conversions
    Feature record: CXX_FEATURE:1cxx_extended_friend_declarations
    Feature record: CXX_FEATURE:1cxx_extern_templates
    Feature record: CXX_FEATURE:1cxx_final
    Feature record: CXX_FEATURE:1cxx_func_identifier
    Feature record: CXX_FEATURE:1cxx_generalized_initializers
    Feature record: CXX_FEATURE:1cxx_generic_lambdas
    Feature record: CXX_FEATURE:1cxx_inheriting_constructors
    Feature record: CXX_FEATURE:1cxx_inline_namespaces
    Feature record: CXX_FEATURE:1cxx_lambdas
    Feature record: CXX_FEATURE:1cxx_lambda_init_captures
    Feature record: CXX_FEATURE:1cxx_local_type_template_args
    Feature record: CXX_FEATURE:1cxx_long_long_type
    Feature record: CXX_FEATURE:1cxx_noexcept
    Feature record: CXX_FEATURE:1cxx_nonstatic_member_init
    Feature record: CXX_FEATURE:1cxx_nullptr
    Feature record: CXX_FEATURE:1cxx_override
    Feature record: CXX_FEATURE:1cxx_range_for
    Feature record: CXX_FEATURE:1cxx_raw_string_literals
    Feature record: CXX_FEATURE:1cxx_reference_qualified_functions
    Feature record: CXX_FEATURE:1cxx_relaxed_constexpr
    Feature record: CXX_FEATURE:1cxx_return_type_deduction
    Feature record: CXX_FEATURE:1cxx_right_angle_brackets
    Feature record: CXX_FEATURE:1cxx_rvalue_references
    Feature record: CXX_FEATURE:1cxx_sizeof_member
    Feature record: CXX_FEATURE:1cxx_static_assert
    Feature record: CXX_FEATURE:1cxx_strong_enums
    Feature record: CXX_FEATURE:1cxx_template_template_parameters
    Feature record: CXX_FEATURE:1cxx_thread_local
    Feature record: CXX_FEATURE:1cxx_trailing_return_types
    Feature record: CXX_FEATURE:1cxx_unicode_literals
    Feature record: CXX_FEATURE:1cxx_uniform_initialization
    Feature record: CXX_FEATURE:1cxx_unrestricted_unions
    Feature record: CXX_FEATURE:1cxx_user_literals
    Feature record: CXX_FEATURE:1cxx_variable_templates
    Feature record: CXX_FEATURE:1cxx_variadic_macros
    Feature record: CXX_FEATURE:1cxx_variadic_templates


Detecting CXX [-std=c++14] compiler features compiled with the following output:
Change Dir: /Users/tgil/git/StratifyBSP/STM32H750B-DK/cmake_arm/CMakeFiles/CMakeTmp

Run Build Command:"/usr/bin/make" "cmTC_a3eee/fast"
/Library/Developer/CommandLineTools/usr/bin/make -f CMakeFiles/cmTC_a3eee.dir/build.make CMakeFiles/cmTC_a3eee.dir/build
Building CXX object CMakeFiles/cmTC_a3eee.dir/feature_tests.cxx.obj
/Applications/StratifyLabs-SDK/Tools/gcc/bin/arm-none-eabi-g++    -Wall -mthumb -D__StratifyOS__ -ffunction-sections -fdata-sections -fomit-frame-pointer -fno-exceptions -fno-unwind-tables    -std=c++14 -o CMakeFiles/cmTC_a3eee.dir/feature_tests.cxx.obj -c /Users/tgil/git/StratifyBSP/STM32H750B-DK/cmake_arm/CMakeFiles/feature_tests.cxx
Linking CXX static library libcmTC_a3eee.a
/Applications/CMake.app/Contents/bin/cmake -P CMakeFiles/cmTC_a3eee.dir/cmake_clean_target.cmake
/Applications/CMake.app/Contents/bin/cmake -E cmake_link_script CMakeFiles/cmTC_a3eee.dir/link.txt --verbose=1
/Applications/StratifyLabs-SDK/Tools/gcc/bin/arm-none-eabi-ar qc libcmTC_a3eee.a  CMakeFiles/cmTC_a3eee.dir/feature_tests.cxx.obj
/Applications/StratifyLabs-SDK/Tools/gcc/bin/arm-none-eabi-ranlib libcmTC_a3eee.a


    Feature record: CXX_FEATURE:1cxx_aggregate_default_initializers
    Feature record: CXX_FEATURE:1cxx_alias_templates
    Feature record: CXX_FEATURE:1cxx_alignas
    Feature record: CXX_FEATURE:1cxx_alignof
    Feature record: CXX_FEATURE:1cxx_attributes
    Feature record: CXX_FEATURE:1cxx_attribute_deprecated
    Feature record: CXX_FEATURE:1cxx_auto_type
    Feature record: CXX_FEATURE:1cxx_binary_literals
    Feature record: CXX_FEATURE:1cxx_constexpr
    Feature record: CXX_FEATURE:1cxx_contextual_conversions
    Feature record: CXX_FEATURE:1cxx_decltype
    Feature record: CXX_FEATURE:1cxx_decltype_auto
    Feature record: CXX_FEATURE:1cxx_decltype_incomplete_return_types
    Feature record: CXX_FEATURE:1cxx_default_function_template_args
    Feature record: CXX_FEATURE:1cxx_defaulted_functions
    Feature record: CXX_FEATURE:1cxx_defaulted_move_initializers
    Feature record: CXX_FEATURE:1cxx_delegating_constructors
    Feature record: CXX_FEATURE:1cxx_deleted_functions
    Feature record: CXX_FEATURE:1cxx_digit_separators
    Feature record: CXX_FEATURE:1cxx_enum_forward_declarations
    Feature record: CXX_FEATURE:1cxx_explicit_conversions
    Feature record: CXX_FEATURE:1cxx_extended_friend_declarations
    Feature record: CXX_FEATURE:1cxx_extern_templates
    Feature record: CXX_FEATURE:1cxx_final
    Feature record: CXX_FEATURE:1cxx_func_identifier
    Feature record: CXX_FEATURE:1cxx_generalized_initializers
    Feature record: CXX_FEATURE:1cxx_generic_lambdas
    Feature record: CXX_FEATURE:1cxx_inheriting_constructors
    Feature record: CXX_FEATURE:1cxx_inline_namespaces
    Feature record: CXX_FEATURE:1cxx_lambdas
    Feature record: CXX_FEATURE:1cxx_lambda_init_captures
    Feature record: CXX_FEATURE:1cxx_local_type_template_args
    Feature record: CXX_FEATURE:1cxx_long_long_type
    Feature record: CXX_FEATURE:1cxx_noexcept
    Feature record: CXX_FEATURE:1cxx_nonstatic_member_init
    Feature record: CXX_FEATURE:1cxx_nullptr
    Feature record: CXX_FEATURE:1cxx_override
    Feature record: CXX_FEATURE:1cxx_range_for
    Feature record: CXX_FEATURE:1cxx_raw_string_literals
    Feature record: CXX_FEATURE:1cxx_reference_qualified_functions
    Feature record: CXX_FEATURE:1cxx_relaxed_constexpr
    Feature record: CXX_FEATURE:1cxx_return_type_deduction
    Feature record: CXX_FEATURE:1cxx_right_angle_brackets
    Feature record: CXX_FEATURE:1cxx_rvalue_references
    Feature record: CXX_FEATURE:1cxx_sizeof_member
    Feature record: CXX_FEATURE:1cxx_static_assert
    Feature record: CXX_FEATURE:1cxx_strong_enums
    Feature record: CXX_FEATURE:1cxx_template_template_parameters
    Feature record: CXX_FEATURE:1cxx_thread_local
    Feature record: CXX_FEATURE:1cxx_trailing_return_types
    Feature record: CXX_FEATURE:1cxx_unicode_literals
    Feature record: CXX_FEATURE:1cxx_uniform_initialization
    Feature record: CXX_FEATURE:1cxx_unrestricted_unions
    Feature record: CXX_FEATURE:1cxx_user_literals
    Feature record: CXX_FEATURE:1cxx_variable_templates
    Feature record: CXX_FEATURE:1cxx_variadic_macros
    Feature record: CXX_FEATURE:1cxx_variadic_templates


Detecting CXX [-std=c++11] compiler features compiled with the following output:
Change Dir: /Users/tgil/git/StratifyBSP/STM32H750B-DK/cmake_arm/CMakeFiles/CMakeTmp

Run Build Command:"/usr/bin/make" "cmTC_a6c7f/fast"
/Library/Developer/CommandLineTools/usr/bin/make -f CMakeFiles/cmTC_a6c7f.dir/build.make CMakeFiles/cmTC_a6c7f.dir/build
Building CXX object CMakeFiles/cmTC_a6c7f.dir/feature_tests.cxx.obj
/Applications/StratifyLabs-SDK/Tools/gcc/bin/arm-none-eabi-g++    -Wall -mthumb -D__StratifyOS__ -ffunction-sections -fdata-sections -fomit-frame-pointer -fno-exceptions -fno-unwind-tables    -std=c++11 -o CMakeFiles/cmTC_a6c7f.dir/feature_tests.cxx.obj -c /Users/tgil/git/StratifyBSP/STM32H750B-DK/cmake_arm/CMakeFiles/feature_tests.cxx
Linking CXX static library libcmTC_a6c7f.a
/Applications/CMake.app/Contents/bin/cmake -P CMakeFiles/cmTC_a6c7f.dir/cmake_clean_target.cmake
/Applications/CMake.app/Contents/bin/cmake -E cmake_link_script CMakeFiles/cmTC_a6c7f.dir/link.txt --verbose=1
/Applications/StratifyLabs-SDK/Tools/gcc/bin/arm-none-eabi-ar qc libcmTC_a6c7f.a  CMakeFiles/cmTC_a6c7f.dir/feature_tests.cxx.obj
/Applications/StratifyLabs-SDK/Tools/gcc/bin/arm-none-eabi-ranlib libcmTC_a6c7f.a


    Feature record: CXX_FEATURE:0cxx_aggregate_default_initializers
    Feature record: CXX_FEATURE:1cxx_alias_templates
    Feature record: CXX_FEATURE:1cxx_alignas
    Feature record: CXX_FEATURE:1cxx_alignof
    Feature record: CXX_FEATURE:1cxx_attributes
    Feature record: CXX_FEATURE:0cxx_attribute_deprecated
    Feature record: CXX_FEATURE:1cxx_auto_type
    Feature record: CXX_FEATURE:0cxx_binary_literals
    Feature record: CXX_FEATURE:1cxx_constexpr
    Feature record: CXX_FEATURE:0cxx_contextual_conversions
    Feature record: CXX_FEATURE:1cxx_decltype
    Feature record: CXX_FEATURE:0cxx_decltype_auto
    Feature record: CXX_FEATURE:1cxx_decltype_incomplete_return_types
    Feature record: CXX_FEATURE:1cxx_default_function_template_args
    Feature record: CXX_FEATURE:1cxx_defaulted_functions
    Feature record: CXX_FEATURE:1cxx_defaulted_move_initializers
    Feature record: CXX_FEATURE:1cxx_delegating_constructors
    Feature record: CXX_FEATURE:1cxx_deleted_functions
    Feature record: CXX_FEATURE:0cxx_digit_separators
    Feature record: CXX_FEATURE:1cxx_enum_forward_declarations
    Feature record: CXX_FEATURE:1cxx_explicit_conversions
    Feature record: CXX_FEATURE:1cxx_extended_friend_declarations
    Feature record: CXX_FEATURE:1cxx_extern_templates
    Feature record: CXX_FEATURE:1cxx_final
    Feature record: CXX_FEATURE:1cxx_func_identifier
    Feature record: CXX_FEATURE:1cxx_generalized_initializers
    Feature record: CXX_FEATURE:0cxx_generic_lambdas
    Feature record: CXX_FEATURE:1cxx_inheriting_constructors
    Feature record: CXX_FEATURE:1cxx_inline_namespaces
    Feature record: CXX_FEATURE:1cxx_lambdas
    Feature record: CXX_FEATURE:0cxx_lambda_init_captures
    Feature record: CXX_FEATURE:1cxx_local_type_template_args
    Feature record: CXX_FEATURE:1cxx_long_long_type
    Feature record: CXX_FEATURE:1cxx_noexcept
    Feature record: CXX_FEATURE:1cxx_nonstatic_member_init
    Feature record: CXX_FEATURE:1cxx_nullptr
    Feature record: CXX_FEATURE:1cxx_override
    Feature record: CXX_FEATURE:1cxx_range_for
    Feature record: CXX_FEATURE:1cxx_raw_string_literals
    Feature record: CXX_FEATURE:1cxx_reference_qualified_functions
    Feature record: CXX_FEATURE:0cxx_relaxed_constexpr
    Feature record: CXX_FEATURE:0cxx_return_type_deduction
    Feature record: CXX_FEATURE:1cxx_right_angle_brackets
    Feature record: CXX_FEATURE:1cxx_rvalue_references
    Feature record: CXX_FEATURE:1cxx_sizeof_member
    Feature record: CXX_FEATURE:1cxx_static_assert
    Feature record: CXX_FEATURE:1cxx_strong_enums
    Feature record: CXX_FEATURE:1cxx_template_template_parameters
    Feature record: CXX_FEATURE:1cxx_thread_local
    Feature record: CXX_FEATURE:1cxx_trailing_return_types
    Feature record: CXX_FEATURE:1cxx_unicode_literals
    Feature record: CXX_FEATURE:1cxx_uniform_initialization
    Feature record: CXX_FEATURE:1cxx_unrestricted_unions
    Feature record: CXX_FEATURE:1cxx_user_literals
    Feature record: CXX_FEATURE:0cxx_variable_templates
    Feature record: CXX_FEATURE:1cxx_variadic_macros
    Feature record: CXX_FEATURE:1cxx_variadic_templates


Detecting CXX [-std=c++98] compiler features compiled with the following output:
Change Dir: /Users/tgil/git/StratifyBSP/STM32H750B-DK/cmake_arm/CMakeFiles/CMakeTmp

Run Build Command:"/usr/bin/make" "cmTC_04178/fast"
/Library/Developer/CommandLineTools/usr/bin/make -f CMakeFiles/cmTC_04178.dir/build.make CMakeFiles/cmTC_04178.dir/build
Building CXX object CMakeFiles/cmTC_04178.dir/feature_tests.cxx.obj
/Applications/StratifyLabs-SDK/Tools/gcc/bin/arm-none-eabi-g++    -Wall -mthumb -D__StratifyOS__ -ffunction-sections -fdata-sections -fomit-frame-pointer -fno-exceptions -fno-unwind-tables    -std=c++98 -o CMakeFiles/cmTC_04178.dir/feature_tests.cxx.obj -c /Users/tgil/git/StratifyBSP/STM32H750B-DK/cmake_arm/CMakeFiles/feature_tests.cxx
Linking CXX static library libcmTC_04178.a
/Applications/CMake.app/Contents/bin/cmake -P CMakeFiles/cmTC_04178.dir/cmake_clean_target.cmake
/Applications/CMake.app/Contents/bin/cmake -E cmake_link_script CMakeFiles/cmTC_04178.dir/link.txt --verbose=1
/Applications/StratifyLabs-SDK/Tools/gcc/bin/arm-none-eabi-ar qc libcmTC_04178.a  CMakeFiles/cmTC_04178.dir/feature_tests.cxx.obj
/Applications/StratifyLabs-SDK/Tools/gcc/bin/arm-none-eabi-ranlib libcmTC_04178.a


    Feature record: CXX_FEATURE:0cxx_aggregate_default_initializers
    Feature record: CXX_FEATURE:0cxx_alias_templates
    Feature record: CXX_FEATURE:0cxx_alignas
    Feature record: CXX_FEATURE:0cxx_alignof
    Feature record: CXX_FEATURE:0cxx_attributes
    Feature record: CXX_FEATURE:0cxx_attribute_deprecated
    Feature record: CXX_FEATURE:0cxx_auto_type
    Feature record: CXX_FEATURE:0cxx_binary_literals
    Feature record: CXX_FEATURE:0cxx_constexpr
    Feature record: CXX_FEATURE:0cxx_contextual_conversions
    Feature record: CXX_FEATURE:0cxx_decltype
    Feature record: CXX_FEATURE:0cxx_decltype_auto
    Feature record: CXX_FEATURE:0cxx_decltype_incomplete_return_types
    Feature record: CXX_FEATURE:0cxx_default_function_template_args
    Feature record: CXX_FEATURE:0cxx_defaulted_functions
    Feature record: CXX_FEATURE:0cxx_defaulted_move_initializers
    Feature record: CXX_FEATURE:0cxx_delegating_constructors
    Feature record: CXX_FEATURE:0cxx_deleted_functions
    Feature record: CXX_FEATURE:0cxx_digit_separators
    Feature record: CXX_FEATURE:0cxx_enum_forward_declarations
    Feature record: CXX_FEATURE:0cxx_explicit_conversions
    Feature record: CXX_FEATURE:0cxx_extended_friend_declarations
    Feature record: CXX_FEATURE:0cxx_extern_templates
    Feature record: CXX_FEATURE:0cxx_final
    Feature record: CXX_FEATURE:0cxx_func_identifier
    Feature record: CXX_FEATURE:0cxx_generalized_initializers
    Feature record: CXX_FEATURE:0cxx_generic_lambdas
    Feature record: CXX_FEATURE:0cxx_inheriting_constructors
    Feature record: CXX_FEATURE:0cxx_inline_namespaces
    Feature record: CXX_FEATURE:0cxx_lambdas
    Feature record: CXX_FEATURE:0cxx_lambda_init_captures
    Feature record: CXX_FEATURE:0cxx_local_type_template_args
    Feature record: CXX_FEATURE:0cxx_long_long_type
    Feature record: CXX_FEATURE:0cxx_noexcept
    Feature record: CXX_FEATURE:0cxx_nonstatic_member_init
    Feature record: CXX_FEATURE:0cxx_nullptr
    Feature record: CXX_FEATURE:0cxx_override
    Feature record: CXX_FEATURE:0cxx_range_for
    Feature record: CXX_FEATURE:0cxx_raw_string_literals
    Feature record: CXX_FEATURE:0cxx_reference_qualified_functions
    Feature record: CXX_FEATURE:0cxx_relaxed_constexpr
    Feature record: CXX_FEATURE:0cxx_return_type_deduction
    Feature record: CXX_FEATURE:0cxx_right_angle_brackets
    Feature record: CXX_FEATURE:0cxx_rvalue_references
    Feature record: CXX_FEATURE:0cxx_sizeof_member
    Feature record: CXX_FEATURE:0cxx_static_assert
    Feature record: CXX_FEATURE:0cxx_strong_enums
    Feature record: CXX_FEATURE:1cxx_template_template_parameters
    Feature record: CXX_FEATURE:0cxx_thread_local
    Feature record: CXX_FEATURE:0cxx_trailing_return_types
    Feature record: CXX_FEATURE:0cxx_unicode_literals
    Feature record: CXX_FEATURE:0cxx_uniform_initialization
    Feature record: CXX_FEATURE:0cxx_unrestricted_unions
    Feature record: CXX_FEATURE:0cxx_user_literals
    Feature record: CXX_FEATURE:0cxx_variable_templates
    Feature record: CXX_FEATURE:0cxx_variadic_macros
    Feature record: CXX_FEATURE:0cxx_variadic_templates
Determining if the C compiler works passed with the following output:
Change Dir: /Users/tgil/git/StratifyBSP/STM32H750B-DK/cmake_arm/CMakeFiles/CMakeTmp

Run Build Command:"/usr/bin/make" "cmTC_28d95/fast"
/Library/Developer/CommandLineTools/usr/bin/make -f CMakeFiles/cmTC_28d95.dir/build.make CMakeFiles/cmTC_28d95.dir/build
Building C object CMakeFiles/cmTC_28d95.dir/testCCompiler.c.obj
/Applications/StratifyLabs-SDK/Tools/gcc/bin/arm-none-eabi-gcc   -Wall -mthumb -D__StratifyOS__ -ffunction-sections -fdata-sections -fomit-frame-pointer    -o CMakeFiles/cmTC_28d95.dir/testCCompiler.c.obj   -c /Users/tgil/git/StratifyBSP/STM32H750B-DK/cmake_arm/CMakeFiles/CMakeTmp/testCCompiler.c
Linking C static library libcmTC_28d95.a
/Applications/CMake.app/Contents/bin/cmake -P CMakeFiles/cmTC_28d95.dir/cmake_clean_target.cmake
/Applications/CMake.app/Contents/bin/cmake -E cmake_link_script CMakeFiles/cmTC_28d95.dir/link.txt --verbose=1
/Applications/StratifyLabs-SDK/Tools/gcc/bin/arm-none-eabi-ar qc libcmTC_28d95.a  CMakeFiles/cmTC_28d95.dir/testCCompiler.c.obj
/Applications/StratifyLabs-SDK/Tools/gcc/bin/arm-none-eabi-ranlib libcmTC_28d95.a


Detecting C compiler ABI info compiled with the following output:
Change Dir: /Users/tgil/git/StratifyBSP/STM32H750B-DK/cmake_arm/CMakeFiles/CMakeTmp

Run Build Command:"/usr/bin/make" "cmTC_29181/fast"
/Library/Developer/CommandLineTools/usr/bin/make -f CMakeFiles/cmTC_29181.dir/build.make CMakeFiles/cmTC_29181.dir/build
Building C object CMakeFiles/cmTC_29181.dir/CMakeCCompilerABI.c.obj
/Applications/StratifyLabs-SDK/Tools/gcc/bin/arm-none-eabi-gcc   -Wall -mthumb -D__StratifyOS__ -ffunction-sections -fdata-sections -fomit-frame-pointer    -o CMakeFiles/cmTC_29181.dir/CMakeCCompilerABI.c.obj   -c /Applications/CMake.app/Contents/share/cmake-3.12/Modules/CMakeCCompilerABI.c
Linking C static library libcmTC_29181.a
/Applications/CMake.app/Contents/bin/cmake -P CMakeFiles/cmTC_29181.dir/cmake_clean_target.cmake
/Applications/CMake.app/Contents/bin/cmake -E cmake_link_script CMakeFiles/cmTC_29181.dir/link.txt --verbose=1
/Applications/StratifyLabs-SDK/Tools/gcc/bin/arm-none-eabi-ar qc libcmTC_29181.a  CMakeFiles/cmTC_29181.dir/CMakeCCompilerABI.c.obj
/Applications/StratifyLabs-SDK/Tools/gcc/bin/arm-none-eabi-ranlib libcmTC_29181.a


Parsed C implicit link information from above output:
  link line regex: [^( *|.*[/\])(arm-none-eabi-ld|CMAKE_LINK_STARTFILE-NOTFOUND|([^/\]+-)?ld|collect2)[^/\]*( |$)]
  ignore line: [Change Dir: /Users/tgil/git/StratifyBSP/STM32H750B-DK/cmake_arm/CMakeFiles/CMakeTmp]
  ignore line: []
  ignore line: [Run Build Command:"/usr/bin/make" "cmTC_29181/fast"]
  ignore line: [/Library/Developer/CommandLineTools/usr/bin/make -f CMakeFiles/cmTC_29181.dir/build.make CMakeFiles/cmTC_29181.dir/build]
  ignore line: [Building C object CMakeFiles/cmTC_29181.dir/CMakeCCompilerABI.c.obj]
  ignore line: [/Applications/StratifyLabs-SDK/Tools/gcc/bin/arm-none-eabi-gcc   -Wall -mthumb -D__StratifyOS__ -ffunction-sections -fdata-sections -fomit-frame-pointer    -o CMakeFiles/cmTC_29181.dir/CMakeCCompilerABI.c.obj   -c /Applications/CMake.app/Contents/share/cmake-3.12/Modules/CMakeCCompilerABI.c]
  ignore line: [Linking C static library libcmTC_29181.a]
  ignore line: [/Applications/CMake.app/Contents/bin/cmake -P CMakeFiles/cmTC_29181.dir/cmake_clean_target.cmake]
  ignore line: [/Applications/CMake.app/Contents/bin/cmake -E cmake_link_script CMakeFiles/cmTC_29181.dir/link.txt --verbose=1]
  ignore line: [/Applications/StratifyLabs-SDK/Tools/gcc/bin/arm-none-eabi-ar qc libcmTC_29181.a  CMakeFiles/cmTC_29181.dir/CMakeCCompilerABI.c.obj]
  ignore line: [/Applications/StratifyLabs-SDK/Tools/gcc/bin/arm-none-eabi-ranlib libcmTC_29181.a]
  ignore line: []
  implicit libs: []
  implicit dirs: []
  implicit fwks: []




Detecting C [-std=c11] compiler features compiled with the following output:
Change Dir: /Users/tgil/git/StratifyBSP/STM32H750B-DK/cmake_arm/CMakeFiles/CMakeTmp

Run Build Command:"/usr/bin/make" "cmTC_4bd1e/fast"
/Library/Developer/CommandLineTools/usr/bin/make -f CMakeFiles/cmTC_4bd1e.dir/build.make CMakeFiles/cmTC_4bd1e.dir/build
Building C object CMakeFiles/cmTC_4bd1e.dir/feature_tests.c.obj
/Applications/StratifyLabs-SDK/Tools/gcc/bin/arm-none-eabi-gcc   -Wall -mthumb -D__StratifyOS__ -ffunction-sections -fdata-sections -fomit-frame-pointer    -std=c11 -o CMakeFiles/cmTC_4bd1e.dir/feature_tests.c.obj   -c /Users/tgil/git/StratifyBSP/STM32H750B-DK/cmake_arm/CMakeFiles/feature_tests.c
Linking C static library libcmTC_4bd1e.a
/Applications/CMake.app/Contents/bin/cmake -P CMakeFiles/cmTC_4bd1e.dir/cmake_clean_target.cmake
/Applications/CMake.app/Contents/bin/cmake -E cmake_link_script CMakeFiles/cmTC_4bd1e.dir/link.txt --verbose=1
/Applications/StratifyLabs-SDK/Tools/gcc/bin/arm-none-eabi-ar qc libcmTC_4bd1e.a  CMakeFiles/cmTC_4bd1e.dir/feature_tests.c.obj
/Applications/StratifyLabs-SDK/Tools/gcc/bin/arm-none-eabi-ranlib libcmTC_4bd1e.a


    Feature record: C_FEATURE:1c_function_prototypes
    Feature record: C_FEATURE:1c_restrict
    Feature record: C_FEATURE:1c_static_assert
    Feature record: C_FEATURE:1c_variadic_macros


Detecting C [-std=c99] compiler features compiled with the following output:
Change Dir: /Users/tgil/git/StratifyBSP/STM32H750B-DK/cmake_arm/CMakeFiles/CMakeTmp

Run Build Command:"/usr/bin/make" "cmTC_7be35/fast"
/Library/Developer/CommandLineTools/usr/bin/make -f CMakeFiles/cmTC_7be35.dir/build.make CMakeFiles/cmTC_7be35.dir/build
Building C object CMakeFiles/cmTC_7be35.dir/feature_tests.c.obj
/Applications/StratifyLabs-SDK/Tools/gcc/bin/arm-none-eabi-gcc   -Wall -mthumb -D__StratifyOS__ -ffunction-sections -fdata-sections -fomit-frame-pointer    -std=c99 -o CMakeFiles/cmTC_7be35.dir/feature_tests.c.obj   -c /Users/tgil/git/StratifyBSP/STM32H750B-DK/cmake_arm/CMakeFiles/feature_tests.c
Linking C static library libcmTC_7be35.a
/Applications/CMake.app/Contents/bin/cmake -P CMakeFiles/cmTC_7be35.dir/cmake_clean_target.cmake
/Applications/CMake.app/Contents/bin/cmake -E cmake_link_script CMakeFiles/cmTC_7be35.dir/link.txt --verbose=1
/Applications/StratifyLabs-SDK/Tools/gcc/bin/arm-none-eabi-ar qc libcmTC_7be35.a  CMakeFiles/cmTC_7be35.dir/feature_tests.c.obj
/Applications/StratifyLabs-SDK/Tools/gcc/bin/arm-none-eabi-ranlib libcmTC_7be35.a


    Feature record: C_FEATURE:1c_function_prototypes
    Feature record: C_FEATURE:1c_restrict
    Feature record: C_FEATURE:0c_static_assert
    Feature record: C_FEATURE:1c_variadic_macros


Detecting C [-std=c90] compiler features compiled with the following output:
Change Dir: /Users/tgil/git/StratifyBSP/STM32H750B-DK/cmake_arm/CMakeFiles/CMakeTmp

Run Build Command:"/usr/bin/make" "cmTC_e2fd5/fast"
/Library/Developer/CommandLineTools/usr/bin/make -f CMakeFiles/cmTC_e2fd5.dir/build.make CMakeFiles/cmTC_e2fd5.dir/build
Building C object CMakeFiles/cmTC_e2fd5.dir/feature_tests.c.obj
/Applications/StratifyLabs-SDK/Tools/gcc/bin/arm-none-eabi-gcc   -Wall -mthumb -D__StratifyOS__ -ffunction-sections -fdata-sections -fomit-frame-pointer    -std=c90 -o CMakeFiles/cmTC_e2fd5.dir/feature_tests.c.obj   -c /Users/tgil/git/StratifyBSP/STM32H750B-DK/cmake_arm/CMakeFiles/feature_tests.c
Linking C static library libcmTC_e2fd5.a
/Applications/CMake.app/Contents/bin/cmake -P CMakeFiles/cmTC_e2fd5.dir/cmake_clean_target.cmake
/Applications/CMake.app/Contents/bin/cmake -E cmake_link_script CMakeFiles/cmTC_e2fd5.dir/link.txt --verbose=1
/Applications/StratifyLabs-SDK/Tools/gcc/bin/arm-none-eabi-ar qc libcmTC_e2fd5.a  CMakeFiles/cmTC_e2fd5.dir/feature_tests.c.obj
/Applications/StratifyLabs-SDK/Tools/gcc/bin/arm-none-eabi-ranlib libcmTC_e2fd5.a


    Feature record: C_FEATURE:1c_function_prototypes
    Feature record: C_FEATURE:0c_restrict
    Feature record: C_FEATURE:0c_static_assert
    Feature record: C_FEATURE:0c_variadic_macros
