Compiling the CXX compiler identification source file "CMakeCXXCompilerId.cpp" failed.
Compiler: /Applications/StratifyLabs-SDK/Tools/gcc/bin/arm-none-eabi-g++ 
Build flags: -Wall;-mthumb;-D__StratifyOS__;-ffunction-sections;-fdata-sections;-fomit-frame-pointer;-fno-exceptions;-fno-unwind-tables
Id flags:  

The output was:
1
/Applications/StratifyLabs-SDK/Tools/gcc/bin/../lib/gcc/arm-none-eabi/6.3.1/../../../../arm-none-eabi/bin/ld: cannot find crti.o: No such file or directory
/Applications/StratifyLabs-SDK/Tools/gcc/bin/../lib/gcc/arm-none-eabi/6.3.1/../../../../arm-none-eabi/bin/ld: cannot find crtbegin.o: No such file or directory
/Applications/StratifyLabs-SDK/Tools/gcc/bin/../lib/gcc/arm-none-eabi/6.3.1/../../../../arm-none-eabi/bin/ld: cannot find crt0.o: No such file or directory
/Applications/StratifyLabs-SDK/Tools/gcc/bin/../lib/gcc/arm-none-eabi/6.3.1/../../../../arm-none-eabi/bin/ld: cannot find -lstdc++
/Applications/StratifyLabs-SDK/Tools/gcc/bin/../lib/gcc/arm-none-eabi/6.3.1/../../../../arm-none-eabi/bin/ld: cannot find -lm
/Applications/StratifyLabs-SDK/Tools/gcc/bin/../lib/gcc/arm-none-eabi/6.3.1/../../../../arm-none-eabi/bin/ld: cannot find -lc
collect2: error: ld returned 1 exit status


Compiling the C compiler identification source file "CMakeCCompilerId.c" failed.
Compiler: /Applications/StratifyLabs-SDK/Tools/gcc/bin/arm-none-eabi-gcc 
Build flags: -Wall;-mthumb;-D__StratifyOS__;-ffunction-sections;-fdata-sections;-fomit-frame-pointer
Id flags:  

The output was:
1
/Applications/StratifyLabs-SDK/Tools/gcc/bin/../lib/gcc/arm-none-eabi/6.3.1/../../../../arm-none-eabi/bin/ld: cannot find crti.o: No such file or directory
/Applications/StratifyLabs-SDK/Tools/gcc/bin/../lib/gcc/arm-none-eabi/6.3.1/../../../../arm-none-eabi/bin/ld: cannot find crtbegin.o: No such file or directory
/Applications/StratifyLabs-SDK/Tools/gcc/bin/../lib/gcc/arm-none-eabi/6.3.1/../../../../arm-none-eabi/bin/ld: cannot find crt0.o: No such file or directory
/Applications/StratifyLabs-SDK/Tools/gcc/bin/../lib/gcc/arm-none-eabi/6.3.1/../../../../arm-none-eabi/bin/ld: cannot find -lc
collect2: error: ld returned 1 exit status


